<?xml version="1.0" encoding="UTF-8"?>
<!-- Generated by org.testng.reporters.JUnitReportReporter -->
<testsuite hostname="DESKTOP-0S6STMH" failures="0" tests="2" name="qaclickacademy.STest" time="0.009" errors="0" timestamp="2022-03-19T22:39:12 SGT" skipped="0">
  <testcase classname="qaclickacademy.STest" name="browser" time="0.007"/>
  <system-out/>
  <testcase classname="qaclickacademy.STest" name="systemlol" time="0.002"/>
  <system-out/>
</testsuite> <!-- qaclickacademy.STest -->
