<?xml version="1.0" encoding="UTF-8"?>
<!-- Generated by org.testng.reporters.JUnitReportReporter -->
<testsuite hostname="DESKTOP-0S6STMH" failures="0" tests="1" name="qaclickacademy.STest" time="0.009" errors="0" timestamp="2021-12-13T22:56:28 SGT" skipped="0">
  <testcase classname="qaclickacademy.STest" name="browser" time="0.009"/>
  <system-out/>
</testsuite> <!-- qaclickacademy.STest -->
