<?xml version="1.0" encoding="UTF-8"?>
<!-- Generated by org.testng.reporters.JUnitReportReporter -->
<testsuite hostname="DESKTOP-0S6STMH" failures="0" tests="1" name="qaclickacademy.STest" time="0.005" errors="0" timestamp="13 Dec 2021 15:02:30 GMT" skipped="0">
  <testcase classname="qaclickacademy.STest" name="systemlol" time="0.005"/>
</testsuite> <!-- qaclickacademy.STest -->
